<?xml version="1.0" encoding="UTF-8"?>
<testsuite name="127.0.0.1"
           tests="3"
           failures="0"
           errors="0"
           skipped="0"
           time="296.889">
  <properties />
  
  
            <testcase name="getFirst" time="0.006" classname="com.cmcc.p.poc.automation.test.AddAndRemoveMember" />
                <testcase name="test" time="296.881" classname="com.cmcc.p.poc.automation.test.AddAndRemoveMember" />
                <testcase name="getsecond" time="0.002" classname="com.cmcc.p.poc.automation.test.AddAndRemoveMember" />
      
</testsuite>
