<?xml version="1.0" encoding="UTF-8"?>
<testsuite name="127.0.0.1"
           tests="5"
           failures="0"
           errors="0"
           skipped="0"
           time="243.154">
  <properties />
  
  
            <testcase name="test1" time="78.389" classname="com.cmcc.p.poc.automation.test.Callonefriend" />
                <testcase name="test2" time="5.901" classname="com.cmcc.p.poc.automation.test.Callonefriend" />
                <testcase name="test3" time="158.862" classname="com.cmcc.p.poc.automation.test.Callonefriend" />
                <testcase name="getsecond" time="0.001" classname="com.cmcc.p.poc.automation.test.Callonefriend" />
                <testcase name="getFirst" time="0.001" classname="com.cmcc.p.poc.automation.test.Callonefriend" />
      
</testsuite>
