<?xml version="1.0" encoding="UTF-8"?>
<testsuite name="127.0.0.1"
           tests="3"
           failures="0"
           errors="0"
           skipped="0"
           time="388.952">
  <properties />
  
  
            <testcase name="test" time="388.949" classname="com.cmcc.p.poc.automation.test.Group_transfer_container" />
                <testcase name="getFirst2" time="0.000" classname="com.cmcc.p.poc.automation.test.Group_transfer_container" />
                <testcase name="getFirst" time="0.003" classname="com.cmcc.p.poc.automation.test.Group_transfer_container" />
      
</testsuite>
