<?xml version="1.0" encoding="UTF-8"?>
<testsuite name="127.0.0.1"
           tests="2"
           failures="1"
           errors="0"
           skipped="0"
           time="131.222">
  <properties />
            <testcase name="test" time="131.218" classname="com.cmcc.p.poc.automation.test.TopGroup">
                <failure type="junit.framework.ComparisonFailure"
                  message="expected:&lt;卓尔不群...&gt; but was:&lt;明日黄花...&gt;"
              >
<![CDATA[junit.framework.ComparisonFailure: expected:<卓尔不群...> but was:<明日黄花...>
  junit.framework.Assert.assertEquals(Assert.java:81)
  junit.framework.Assert.assertEquals(Assert.java:87)
  com.cmcc.p.poc.automation.test.TopGroup.test(TopGroup.java:93)
  sun.reflect.NativeMethodAccessorImpl.invoke0(Native Method)
  sun.reflect.NativeMethodAccessorImpl.invoke(NativeMethodAccessorImpl.java:62)
  sun.reflect.DelegatingMethodAccessorImpl.invoke(DelegatingMethodAccessorImpl.java:43)
  java.lang.reflect.Method.invoke(Method.java:498)
  org.testng.internal.MethodInvocationHelper.invokeMethod(MethodInvocationHelper.java:85)
  org.testng.internal.Invoker.invokeMethod(Invoker.java:639)
  org.testng.internal.Invoker.invokeTestMethod(Invoker.java:816)
  org.testng.internal.Invoker.invokeTestMethods(Invoker.java:1124)
  org.testng.internal.TestMethodWorker.invokeTestMethods(TestMethodWorker.java:125)
  org.testng.internal.TestMethodWorker.run(TestMethodWorker.java:108)
  org.testng.TestRunner.privateRun(TestRunner.java:774)
  org.testng.TestRunner.run(TestRunner.java:624)
  org.testng.SuiteRunner.runTest(SuiteRunner.java:359)
  org.testng.SuiteRunner.runSequentially(SuiteRunner.java:354)
  org.testng.SuiteRunner.privateRun(SuiteRunner.java:312)
  org.testng.SuiteRunner.run(SuiteRunner.java:261)
  org.testng.SuiteRunnerWorker.runSuite(SuiteRunnerWorker.java:52)
  org.testng.SuiteRunnerWorker.run(SuiteRunnerWorker.java:86)
  org.testng.TestNG.runSuitesSequentially(TestNG.java:1191)
  org.testng.TestNG.runSuitesLocally(TestNG.java:1116)
  org.testng.TestNG.run(TestNG.java:1024)
  org.testng.remote.RemoteTestNG.run(RemoteTestNG.java:112)
  org.testng.remote.RemoteTestNG.initAndRun(RemoteTestNG.java:205)
  org.testng.remote.RemoteTestNG.main(RemoteTestNG.java:176)
]]>
      </failure>

          </testcase>
  
  
            <testcase name="getFirst" time="0.004" classname="com.cmcc.p.poc.automation.test.TopGroup" />
      
</testsuite>
