<?xml version="1.0" encoding="UTF-8"?>
<testsuite name="127.0.0.1"
           tests="3"
           failures="0"
           errors="0"
           skipped="0"
           time="340.429">
  <properties />
  
  
            <testcase name="getsecond" time="0.000" classname="com.cmcc.p.poc.automation.test.Callfriend" />
                <testcase name="test" time="340.429" classname="com.cmcc.p.poc.automation.test.Callfriend" />
                <testcase name="getFirst" time="0.000" classname="com.cmcc.p.poc.automation.test.Callfriend" />
      
</testsuite>
