<?xml version="1.0" encoding="UTF-8"?>
<testsuite name="127.0.0.1"
           tests="3"
           failures="1"
           errors="0"
           skipped="0"
           time="378.864">
  <properties />
            <testcase name="test" time="378.859" classname="com.cmcc.p.poc.automation.test.GroupNeedcheck">
                <failure type="org.openqa.selenium.StaleElementReferenceException"
                  message="The element &apos;By.id: com.cmcc.p.poc:id/title_left_text&apos; does not exist in DOM anymore
For documentation on this error, please visit: http://seleniumhq.org/exceptions/stale_element_reference.html
Build info: version: &apos;3.14.0&apos;, revision: &apos;aacccce0&apos;, time: &apos;2018-08-02T20:19:58.91Z&apos;
System info: host: &apos;TIANSC&apos;, ip: &apos;192.168.2.144&apos;, os.name: &apos;Windows 7&apos;, os.arch: &apos;amd64&apos;, os.version: &apos;6.1&apos;, java.version: &apos;1.8.0_181&apos;
Driver info: io.appium.java_client.android.AndroidDriver
Capabilities {appActivity: com.cmccxy.ptt.main.activit..., appPackage: com.cmcc.p.poc, databaseEnabled: false, desired: {appActivity: com.cmccxy.ptt.main.activit..., appPackage: com.cmcc.p.poc, deviceName: 127.0.0.1:62001, exported: true, noReset: true, platformName: android}, deviceApiLevel: 27, deviceManufacturer: Xiaomi, deviceModel: Redmi 5A, deviceName: 8e959baf7ce5, deviceScreenDensity: 320, deviceScreenSize: 720x1280, deviceUDID: 8e959baf7ce5, exported: true, javascriptEnabled: true, locationContextEnabled: false, networkConnectionEnabled: true, noReset: true, pixelRatio: 2, platform: LINUX, platformName: Android, platformVersion: 8.1.0, statBarHeight: 50, takesScreenshot: true, viewportRect: {height: 1230, left: 0, top: 50, width: 720}, warnings: {}, webStorageEnabled: false}
Session ID: b78d2a2a-8e38-4d28-895f-3e8786917c0b"
              >
<![CDATA[org.openqa.selenium.StaleElementReferenceException: The element 'By.id: com.cmcc.p.poc:id/title_left_text' does not exist in DOM anymore
For documentation on this error, please visit: http://seleniumhq.org/exceptions/stale_element_reference.html
Build info: version: '3.14.0', revision: 'aacccce0', time: '2018-08-02T20:19:58.91Z'
System info: host: 'TIANSC', ip: '192.168.2.144', os.name: 'Windows 7', os.arch: 'amd64', os.version: '6.1', java.version: '1.8.0_181'
Driver info: io.appium.java_client.android.AndroidDriver
Capabilities {appActivity: com.cmccxy.ptt.main.activit..., appPackage: com.cmcc.p.poc, databaseEnabled: false, desired: {appActivity: com.cmccxy.ptt.main.activit..., appPackage: com.cmcc.p.poc, deviceName: 127.0.0.1:62001, exported: true, noReset: true, platformName: android}, deviceApiLevel: 27, deviceManufacturer: Xiaomi, deviceModel: Redmi 5A, deviceName: 8e959baf7ce5, deviceScreenDensity: 320, deviceScreenSize: 720x1280, deviceUDID: 8e959baf7ce5, exported: true, javascriptEnabled: true, locationContextEnabled: false, networkConnectionEnabled: true, noReset: true, pixelRatio: 2, platform: LINUX, platformName: Android, platformVersion: 8.1.0, statBarHeight: 50, takesScreenshot: true, viewportRect: {height: 1230, left: 0, top: 50, width: 720}, warnings: {}, webStorageEnabled: false}
Session ID: b78d2a2a-8e38-4d28-895f-3e8786917c0b
  sun.reflect.NativeConstructorAccessorImpl.newInstance0(Native Method)
  sun.reflect.NativeConstructorAccessorImpl.newInstance(NativeConstructorAccessorImpl.java:62)
  sun.reflect.DelegatingConstructorAccessorImpl.newInstance(DelegatingConstructorAccessorImpl.java:45)
  java.lang.reflect.Constructor.newInstance(Constructor.java:423)
  org.openqa.selenium.remote.http.W3CHttpResponseCodec.createException(W3CHttpResponseCodec.java:187)
  org.openqa.selenium.remote.http.W3CHttpResponseCodec.decode(W3CHttpResponseCodec.java:122)
  org.openqa.selenium.remote.http.W3CHttpResponseCodec.decode(W3CHttpResponseCodec.java:49)
  org.openqa.selenium.remote.HttpCommandExecutor.execute(HttpCommandExecutor.java:158)
  io.appium.java_client.remote.AppiumCommandExecutor.execute(AppiumCommandExecutor.java:231)
  org.openqa.selenium.remote.RemoteWebDriver.execute(RemoteWebDriver.java:548)
  io.appium.java_client.DefaultGenericMobileDriver.execute(DefaultGenericMobileDriver.java:42)
  io.appium.java_client.AppiumDriver.execute(AppiumDriver.java:1)
  io.appium.java_client.android.AndroidDriver.execute(AndroidDriver.java:1)
  org.openqa.selenium.remote.RemoteWebElement.execute(RemoteWebElement.java:276)
  io.appium.java_client.DefaultGenericMobileElement.execute(DefaultGenericMobileElement.java:45)
  io.appium.java_client.MobileElement.execute(MobileElement.java:1)
  io.appium.java_client.android.AndroidElement.execute(AndroidElement.java:1)
  org.openqa.selenium.remote.RemoteWebElement.click(RemoteWebElement.java:83)
  com.cmcc.p.poc.automation.test.GroupNeedcheck.test(GroupNeedcheck.java:103)
  sun.reflect.NativeMethodAccessorImpl.invoke0(Native Method)
  sun.reflect.NativeMethodAccessorImpl.invoke(NativeMethodAccessorImpl.java:62)
  sun.reflect.DelegatingMethodAccessorImpl.invoke(DelegatingMethodAccessorImpl.java:43)
  java.lang.reflect.Method.invoke(Method.java:498)
  org.testng.internal.MethodInvocationHelper.invokeMethod(MethodInvocationHelper.java:85)
  org.testng.internal.Invoker.invokeMethod(Invoker.java:639)
  org.testng.internal.Invoker.invokeTestMethod(Invoker.java:816)
  org.testng.internal.Invoker.invokeTestMethods(Invoker.java:1124)
  org.testng.internal.TestMethodWorker.invokeTestMethods(TestMethodWorker.java:125)
  org.testng.internal.TestMethodWorker.run(TestMethodWorker.java:108)
  org.testng.TestRunner.privateRun(TestRunner.java:774)
  org.testng.TestRunner.run(TestRunner.java:624)
  org.testng.SuiteRunner.runTest(SuiteRunner.java:359)
  org.testng.SuiteRunner.runSequentially(SuiteRunner.java:354)
  org.testng.SuiteRunner.privateRun(SuiteRunner.java:312)
  org.testng.SuiteRunner.run(SuiteRunner.java:261)
  org.testng.SuiteRunnerWorker.runSuite(SuiteRunnerWorker.java:52)
  org.testng.SuiteRunnerWorker.run(SuiteRunnerWorker.java:86)
  org.testng.TestNG.runSuitesSequentially(TestNG.java:1191)
  org.testng.TestNG.runSuitesLocally(TestNG.java:1116)
  org.testng.TestNG.run(TestNG.java:1024)
  org.testng.remote.RemoteTestNG.run(RemoteTestNG.java:112)
  org.testng.remote.RemoteTestNG.initAndRun(RemoteTestNG.java:205)
  org.testng.remote.RemoteTestNG.main(RemoteTestNG.java:176)
]]>
      </failure>

          </testcase>
  
  
            <testcase name="getFirst" time="0.004" classname="com.cmcc.p.poc.automation.test.GroupNeedcheck" />
                <testcase name="getsecond" time="0.001" classname="com.cmcc.p.poc.automation.test.GroupNeedcheck" />
      
</testsuite>
