<?xml version="1.0" encoding="UTF-8"?>
<testsuite name="127.0.0.1"
           tests="3"
           failures="0"
           errors="0"
           skipped="0"
           time="298.554">
  <properties />
  
  
            <testcase name="getsecond" time="0.000" classname="com.cmcc.p.poc.automation.test.Groupfriend" />
                <testcase name="getFirst" time="0.000" classname="com.cmcc.p.poc.automation.test.Groupfriend" />
                <testcase name="test" time="298.554" classname="com.cmcc.p.poc.automation.test.Groupfriend" />
      
</testsuite>
