<?xml version="1.0" encoding="UTF-8"?>
<testsuite xmlns:xsi="http://www.w3.org/2001/XMLSchema-instance" xsi:noNamespaceSchemaLocation="https://maven.apache.org/surefire/maven-surefire-plugin/xsd/surefire-test-report.xsd" name="TestSuite" time="7,378.271" tests="83" errors="0" skipped="0" failures="4">
  <properties>
[...]
</properties>
  <testcase name="getFirst" classname="com.cmcc.p.poc.automation.test.AddAndRemoveMember" time="0.009"/>
  <testcase name="getsecond" classname="com.cmcc.p.poc.automation.test.AddAndRemoveMember" time="0"/>
  <testcase name="test" classname="com.cmcc.p.poc.automation.test.AddAndRemoveMember" time="294.507"/>
  <testcase name="getFirst" classname="com.cmcc.p.poc.automation.test.Addfriend" time="0"/>
  <testcase name="getsecond" classname="com.cmcc.p.poc.automation.test.Addfriend" time="0"/>
  <testcase name="test" classname="com.cmcc.p.poc.automation.test.Addfriend" time="323.518"/>
  <testcase name="getFirst" classname="com.cmcc.p.poc.automation.test.Callfriend" time="0"/>
  <testcase name="getsecond" classname="com.cmcc.p.poc.automation.test.Callfriend" time="0"/>
  <testcase name="test" classname="com.cmcc.p.poc.automation.test.Callfriend" time="335.836"/>
  <testcase name="getFirst" classname="com.cmcc.p.poc.automation.test.Callonefriend" time="0"/>
  <testcase name="getsecond" classname="com.cmcc.p.poc.automation.test.Callonefriend" time="0.001"/>
  <testcase name="test1" classname="com.cmcc.p.poc.automation.test.Callonefriend" time="77.169"/>
  <testcase name="test2" classname="com.cmcc.p.poc.automation.test.Callonefriend" time="5.505"/>
  <testcase name="test3" classname="com.cmcc.p.poc.automation.test.Callonefriend" time="158.89"/>
  <testcase name="getFirst" classname="com.cmcc.p.poc.automation.test.FriendmoduleFlowTest" time="0"/>
  <testcase name="getsecond" classname="com.cmcc.p.poc.automation.test.FriendmoduleFlowTest" time="0"/>
  <testcase name="test" classname="com.cmcc.p.poc.automation.test.FriendmoduleFlowTest" time="247.202"/>
  <testcase name="getsecond" classname="com.cmcc.p.poc.automation.test.Group_my_nick_name_tip" time="0.003"/>
  <testcase name="test" classname="com.cmcc.p.poc.automation.test.Group_my_nick_name_tip" time="127.157"/>
  <testcase name="getsecond" classname="com.cmcc.p.poc.automation.test.Group_notice" time="0"/>
  <testcase name="test" classname="com.cmcc.p.poc.automation.test.Group_notice" time="140.926"/>
  <testcase name="getFirst" classname="com.cmcc.p.poc.automation.test.Group_transfer_container" time="0"/>
  <testcase name="getFirst2" classname="com.cmcc.p.poc.automation.test.Group_transfer_container" time="0"/>
  <testcase name="test" classname="com.cmcc.p.poc.automation.test.Group_transfer_container" time="386.465"/>
  <testcase name="getFirst" classname="com.cmcc.p.poc.automation.test.GroupAction" time="0"/>
  <testcase name="test1" classname="com.cmcc.p.poc.automation.test.GroupAction" time="96.979"/>
  <testcase name="getFirst" classname="com.cmcc.p.poc.automation.test.Groupfriend" time="0"/>
  <testcase name="getsecond" classname="com.cmcc.p.poc.automation.test.Groupfriend" time="0"/>
  <testcase name="test" classname="com.cmcc.p.poc.automation.test.Groupfriend" time="297.128"/>
  <testcase name="getFirst" classname="com.cmcc.p.poc.automation.test.GroupNeedcheck" time="0.002"/>
  <testcase name="getsecond" classname="com.cmcc.p.poc.automation.test.GroupNeedcheck" time="0"/>
  <testcase name="test" classname="com.cmcc.p.poc.automation.test.GroupNeedcheck" time="539.853"/>
  <testcase name="getFirst" classname="com.cmcc.p.poc.automation.test.GroupNotallow" time="0"/>
  <testcase name="test" classname="com.cmcc.p.poc.automation.test.GroupNotallow" time="144.45">
    <failure type="java.lang.NullPointerException">java.lang.NullPointerException
	at com.cmcc.p.poc.automation.test.GroupNotallow.test(GroupNotallow.java:41)
</failure>
    <system-out><![CDATA[[2021-11-24 15:30:44][@AfterTest]
[2021-11-24 15:30:47]findElement com.cmcc.p.poc:id/et_phone_num success
[2021-11-24 15:30:48]findElement com.cmcc.p.poc:id/et_phone_num success
[2021-11-24 15:30:49]findElement com.cmcc.p.poc:id/et_pwd success
[2021-11-24 15:30:50]findElement com.cmcc.p.poc:id/tv_login success
[2021-11-24 15:30:55]find element:By.id: com.cmcc.p.poc:id/viewPager
[2021-11-24 15:30:55]find element success
[2021-11-24 15:30:55]findElement com.cmcc.p.poc:id/iv_close success
[2021-11-24 15:30:55]find element:By.id: com.cmcc.p.poc:id/tv_msg
[2021-11-24 15:31:16]find element fail:By.id: com.cmcc.p.poc:id/tv_msg
[2021-11-24 15:31:16]find element:By.id: com.cmcc.p.poc:id/tv_msg
[2021-11-24 15:31:36]find element fail:By.id: com.cmcc.p.poc:id/tv_msg
[2021-11-24 15:31:36]find element:By.id: com.cmcc.p.poc:id/tv_title
[2021-11-24 15:31:56]find element fail:By.id: com.cmcc.p.poc:id/tv_title
[2021-11-24 15:31:59]findElement 群组 success
[2021-11-24 15:32:00]findElement com.cmcc.p.poc:id/tv_new_group success
[2021-11-24 15:32:06]findElement com.cmcc.p.poc:id/tv_confirm success
[2021-11-24 15:32:07]findElement com.cmcc.p.poc:id/title_left_text success
[2021-11-24 15:33:09]findElement com.cmcc.p.poc:id/ib_group_info fail
]]></system-out>
  </testcase>
  <testcase name="getFirst" classname="com.cmcc.p.poc.automation.test.GroupUndisturbed" time="0.003"/>
  <testcase name="test" classname="com.cmcc.p.poc.automation.test.GroupUndisturbed" time="147.516">
    <failure type="java.lang.NullPointerException">java.lang.NullPointerException
	at com.cmcc.p.poc.automation.test.GroupUndisturbed.test(GroupUndisturbed.java:42)
</failure>
    <system-out><![CDATA[[2021-11-24 15:33:21][@AfterTest]
[2021-11-24 15:33:24]findElement com.cmcc.p.poc:id/et_phone_num success
[2021-11-24 15:33:25]findElement com.cmcc.p.poc:id/et_phone_num success
[2021-11-24 15:33:26]findElement com.cmcc.p.poc:id/et_pwd success
[2021-11-24 15:33:27]findElement com.cmcc.p.poc:id/tv_login success
[2021-11-24 15:33:32]find element:By.id: com.cmcc.p.poc:id/viewPager
[2021-11-24 15:33:32]find element success
[2021-11-24 15:33:32]findElement com.cmcc.p.poc:id/iv_close success
[2021-11-24 15:33:32]find element:By.id: com.cmcc.p.poc:id/tv_msg
[2021-11-24 15:33:52]find element fail:By.id: com.cmcc.p.poc:id/tv_msg
[2021-11-24 15:33:52]find element:By.id: com.cmcc.p.poc:id/tv_msg
[2021-11-24 15:34:13]find element fail:By.id: com.cmcc.p.poc:id/tv_msg
[2021-11-24 15:34:13]find element:By.id: com.cmcc.p.poc:id/tv_title
[2021-11-24 15:34:33]find element fail:By.id: com.cmcc.p.poc:id/tv_title
[2021-11-24 15:34:36]findElement 群组 success
[2021-11-24 15:34:37]findElement com.cmcc.p.poc:id/tv_new_group success
[2021-11-24 15:34:44]findElement com.cmcc.p.poc:id/tv_confirm success
[2021-11-24 15:34:45]findElement com.cmcc.p.poc:id/title_left_text success
[2021-11-24 15:35:49]findElement com.cmcc.p.poc:id/ib_group_info fail
]]></system-out>
  </testcase>
  <testcase name="getFirst" classname="com.cmcc.p.poc.automation.test.HistotyTest" time="0"/>
  <testcase name="test" classname="com.cmcc.p.poc.automation.test.HistotyTest" time="162.462">
    <failure type="java.lang.NullPointerException">java.lang.NullPointerException
	at com.cmcc.p.poc.automation.test.HistotyTest.test(HistotyTest.java:52)
</failure>
    <system-out><![CDATA[[2021-11-24 15:36:01][@AfterTest]
[2021-11-24 15:36:04]findElement com.cmcc.p.poc:id/et_phone_num success
[2021-11-24 15:36:05]findElement com.cmcc.p.poc:id/et_phone_num success
[2021-11-24 15:36:06]findElement com.cmcc.p.poc:id/et_pwd success
[2021-11-24 15:36:07]findElement com.cmcc.p.poc:id/tv_login success
[2021-11-24 15:36:12]find element:By.id: com.cmcc.p.poc:id/viewPager
[2021-11-24 15:36:12]find element success
[2021-11-24 15:36:12]findElement com.cmcc.p.poc:id/iv_close success
[2021-11-24 15:36:12]find element:By.id: com.cmcc.p.poc:id/tv_msg
[2021-11-24 15:36:32]find element fail:By.id: com.cmcc.p.poc:id/tv_msg
[2021-11-24 15:36:32]find element:By.id: com.cmcc.p.poc:id/tv_msg
[2021-11-24 15:36:53]find element fail:By.id: com.cmcc.p.poc:id/tv_msg
[2021-11-24 15:36:53]find element:By.id: com.cmcc.p.poc:id/tv_title
[2021-11-24 15:37:13]find element fail:By.id: com.cmcc.p.poc:id/tv_title
[2021-11-24 15:37:16]findElement 群组 success
[2021-11-24 15:37:18]findElement com.cmcc.p.poc:id/tv_new_group success
[2021-11-24 15:37:24]findElement com.cmcc.p.poc:id/tv_confirm success
[2021-11-24 15:37:25]findElement com.cmcc.p.poc:id/title_left_text success
[2021-11-24 15:37:28]findElement 群组 success
[2021-11-24 15:37:29]findElement com.cmcc.p.poc:id/tv_new_group success
[2021-11-24 15:37:35]findElement com.cmcc.p.poc:id/tv_confirm success
[2021-11-24 15:37:36]findElement com.cmcc.p.poc:id/title_left_text success
[2021-11-24 15:37:39]findElement 群组 success
[2021-11-24 15:37:42]findElement com.cmcc.p.poc:id/rl_content success
4
[2021-11-24 15:37:42]findElement com.cmcc.p.poc:id/rl_content success
[2021-11-24 15:38:43]findElement com.cmcc.p.poc:id/tv_group_name fail
]]></system-out>
  </testcase>
  <testcase name="getFirst" classname="com.cmcc.p.poc.automation.test.JoinAndExitGroup" time="0"/>
  <testcase name="getsecond" classname="com.cmcc.p.poc.automation.test.JoinAndExitGroup" time="0"/>
  <testcase name="test" classname="com.cmcc.p.poc.automation.test.JoinAndExitGroup" time="350.96"/>
  <testcase name="getFirst" classname="com.cmcc.p.poc.automation.test.LoginAndSpeak" time="0.001"/>
  <testcase name="test" classname="com.cmcc.p.poc.automation.test.LoginAndSpeak" time="122.522"/>
  <testcase name="getFirst" classname="com.cmcc.p.poc.automation.test.LoginTest" time="0"/>
  <testcase name="login" classname="com.cmcc.p.poc.automation.test.LoginTest" time="94.174"/>
  <testcase name="getFirst" classname="com.cmcc.p.poc.automation.test.ManageGroup" time="0"/>
  <testcase name="manageGroup" classname="com.cmcc.p.poc.automation.test.ManageGroup" time="148.899"/>
  <testcase name="getFirst" classname="com.cmcc.p.poc.automation.test.Member_location" time="0.001"/>
  <testcase name="test" classname="com.cmcc.p.poc.automation.test.Member_location" time="193.393"/>
  <testcase name="getFirst" classname="com.cmcc.p.poc.automation.test.Messfriend" time="0"/>
  <testcase name="getsecond" classname="com.cmcc.p.poc.automation.test.Messfriend" time="0"/>
  <testcase name="test" classname="com.cmcc.p.poc.automation.test.Messfriend" time="230.424"/>
  <testcase name="getFirst" classname="com.cmcc.p.poc.automation.test.PersonalInfo" time="0"/>
  <testcase name="test" classname="com.cmcc.p.poc.automation.test.PersonalInfo" time="90.026"/>
  <testcase name="getFirst" classname="com.cmcc.p.poc.automation.test.Redpointfriend" time="0.002"/>
  <testcase name="getsecond" classname="com.cmcc.p.poc.automation.test.Redpointfriend" time="0"/>
  <testcase name="test" classname="com.cmcc.p.poc.automation.test.Redpointfriend" time="299.389"/>
  <testcase name="getFirst" classname="com.cmcc.p.poc.automation.test.Searchfriendhavefriend" time="0"/>
  <testcase name="getsecond" classname="com.cmcc.p.poc.automation.test.Searchfriendhavefriend" time="0"/>
  <testcase name="test" classname="com.cmcc.p.poc.automation.test.Searchfriendhavefriend" time="322.719"/>
  <testcase name="getFirst" classname="com.cmcc.p.poc.automation.test.SearchfriendNofriend" time="0.004"/>
  <testcase name="test" classname="com.cmcc.p.poc.automation.test.SearchfriendNofriend" time="82.055"/>
  <testcase name="getFirst" classname="com.cmcc.p.poc.automation.test.Set_manager_member" time="0.022"/>
  <testcase name="getFirst2" classname="com.cmcc.p.poc.automation.test.Set_manager_member" time="0.002"/>
  <testcase name="test" classname="com.cmcc.p.poc.automation.test.Set_manager_member" time="264.201"/>
  <testcase name="getsecond6" classname="com.cmcc.p.poc.automation.test.Set_manager_no_member" time="0"/>
  <testcase name="test" classname="com.cmcc.p.poc.automation.test.Set_manager_no_member" time="132.854"/>
  <testcase name="getFirst" classname="com.cmcc.p.poc.automation.test.Set_notes" time="0.001"/>
  <testcase name="test" classname="com.cmcc.p.poc.automation.test.Set_notes" time="110.063"/>
  <testcase name="getFirst" classname="com.cmcc.p.poc.automation.test.SetUp" time="0"/>
  <testcase name="test" classname="com.cmcc.p.poc.automation.test.SetUp" time="115.74"/>
  <testcase name="getFirst" classname="com.cmcc.p.poc.automation.test.ShareLocation" time="0.003"/>
  <testcase name="test" classname="com.cmcc.p.poc.automation.test.ShareLocation" time="116.291"/>
  <testcase name="getFirst" classname="com.cmcc.p.poc.automation.test.SpeakAndPlay" time="0.002"/>
  <testcase name="test" classname="com.cmcc.p.poc.automation.test.SpeakAndPlay" time="157.073"/>
  <testcase name="getFirst" classname="com.cmcc.p.poc.automation.test.TopGroup" time="0"/>
  <testcase name="test" classname="com.cmcc.p.poc.automation.test.TopGroup" time="163.723"/>
  <testcase name="getFirst" classname="com.cmcc.p.poc.automation.test.Updatefriendfail" time="0.001"/>
  <testcase name="getsecond" classname="com.cmcc.p.poc.automation.test.Updatefriendfail" time="0"/>
  <testcase name="test" classname="com.cmcc.p.poc.automation.test.Updatefriendfail" time="257.017"/>
  <testcase name="getFirst" classname="com.cmcc.p.poc.automation.test.Updatefriendname" time="0.001"/>
  <testcase name="getsecond" classname="com.cmcc.p.poc.automation.test.Updatefriendname" time="0"/>
  <testcase name="test" classname="com.cmcc.p.poc.automation.test.Updatefriendname" time="166.61">
    <failure type="java.lang.NullPointerException">java.lang.NullPointerException
	at com.cmcc.p.poc.automation.test.Updatefriendname.test(Updatefriendname.java:57)
</failure>
    <system-out><![CDATA[[2021-11-24 16:37:17][@AfterTest]
[2021-11-24 16:37:20]findElement com.cmcc.p.poc:id/et_phone_num success
[2021-11-24 16:37:20]findElement com.cmcc.p.poc:id/et_phone_num success
[2021-11-24 16:37:21]findElement com.cmcc.p.poc:id/et_pwd success
[2021-11-24 16:37:22]findElement com.cmcc.p.poc:id/tv_login success
[2021-11-24 16:37:27]find element:By.id: com.cmcc.p.poc:id/viewPager
[2021-11-24 16:37:27]find element success
[2021-11-24 16:37:27]findElement com.cmcc.p.poc:id/iv_close success
[2021-11-24 16:37:27]find element:By.id: com.cmcc.p.poc:id/tv_msg
[2021-11-24 16:37:48]find element fail:By.id: com.cmcc.p.poc:id/tv_msg
[2021-11-24 16:37:48]find element:By.id: com.cmcc.p.poc:id/tv_msg
[2021-11-24 16:38:08]find element fail:By.id: com.cmcc.p.poc:id/tv_msg
[2021-11-24 16:38:08]find element:By.id: com.cmcc.p.poc:id/tv_title
[2021-11-24 16:38:28]find element fail:By.id: com.cmcc.p.poc:id/tv_title
[2021-11-24 16:38:28]findElement com.cmcc.p.poc:id/tab_friend success
[2021-11-24 16:38:31]findElement com.cmcc.p.poc:id/title_right_edit success
[2021-11-24 16:38:34]findElement com.cmcc.p.poc:id/et_search success
[2021-11-24 16:38:37]findElement com.cmcc.p.poc:id/et_search success
[2021-11-24 16:38:38]findElement com.cmcc.p.poc:id/et_search success
[2021-11-24 16:38:41]findElement com.cmcc.p.poc:id/iv_search success
[2021-11-24 16:38:44]findElement com.cmcc.p.poc:id/rl success
[2021-11-24 16:38:47]findElement com.cmcc.p.poc:id/tv_add_friend success
[2021-11-24 16:38:50]findElement com.cmcc.p.poc:id/title_right_text success
[2021-11-24 16:38:53]findElement com.cmcc.p.poc:id/title_left_text success
[2021-11-24 16:38:56]findElement com.cmcc.p.poc:id/title_left_text success
[2021-11-24 16:38:59]findElement com.cmcc.p.poc:id/title_left_text success
[2021-11-24 16:38:59]发送好友申请---->PASS
[2021-11-24 16:40:03]findElement com.cmcc.p.poc:id/tab_me fail
]]></system-out>
  </testcase>
</testsuite>