<?xml version="1.0" encoding="UTF-8"?>
<!-- Generated by org.testng.reporters.JUnitXMLReporter -->
<testsuite ignored="0" hostname="DESKTOP-5A1Q679" failures="0" tests="6" name="TmpTest" time="395.435" errors="0" timestamp="19 5月 2020 02:20:30 GMT">
  <testcase classname="com.cmcc.p.poc.automation.test.LoginTest" name="Userlog" time="22.888"/>
  <testcase classname="com.cmcc.p.poc.automation.test.AddAndRemoveMember" name="test" time="50.196"/>
  <testcase classname="com.cmcc.p.poc.automation.test.JoinAndExitGroup" name="test" time="80.076"/>
  <testcase classname="com.cmcc.p.poc.automation.test.HistotyTest" name="test" time="62.12"/>
  <testcase classname="com.cmcc.p.poc.automation.test.SpeakAndPlay" name="test" time="75.911"/>
  <testcase classname="com.cmcc.p.poc.automation.test.ShareLocation" name="test" time="60.787"/>
</testsuite> <!-- TmpTest -->
