<?xml version="1.0" encoding="UTF-8"?>
<testsuite name="127.0.0.1"
           tests="3"
           failures="0"
           errors="0"
           skipped="0"
           time="257.022">
  <properties />
  
  
            <testcase name="getsecond" time="0.001" classname="com.cmcc.p.poc.automation.test.Updatefriendfail" />
                <testcase name="test" time="257.017" classname="com.cmcc.p.poc.automation.test.Updatefriendfail" />
                <testcase name="getFirst" time="0.004" classname="com.cmcc.p.poc.automation.test.Updatefriendfail" />
      
</testsuite>
