<?xml version="1.0" encoding="UTF-8"?>
<testsuite name="127.0.0.1"
           tests="3"
           failures="0"
           errors="0"
           skipped="0"
           time="299.391">
  <properties />
  
  
            <testcase name="getsecond" time="0.001" classname="com.cmcc.p.poc.automation.test.Redpointfriend" />
                <testcase name="getFirst" time="0.001" classname="com.cmcc.p.poc.automation.test.Redpointfriend" />
                <testcase name="test" time="299.389" classname="com.cmcc.p.poc.automation.test.Redpointfriend" />
      
</testsuite>
