<?xml version="1.0" encoding="UTF-8"?>
<testsuite name="127.0.0.1"
           tests="5"
           failures="0"
           errors="0"
           skipped="0"
           time="241.565">
  <properties />
  
  
            <testcase name="test1" time="77.169" classname="com.cmcc.p.poc.automation.test.Callonefriend" />
                <testcase name="getFirst" time="0.000" classname="com.cmcc.p.poc.automation.test.Callonefriend" />
                <testcase name="getsecond" time="0.000" classname="com.cmcc.p.poc.automation.test.Callonefriend" />
                <testcase name="test2" time="5.506" classname="com.cmcc.p.poc.automation.test.Callonefriend" />
                <testcase name="test3" time="158.890" classname="com.cmcc.p.poc.automation.test.Callonefriend" />
      
</testsuite>
